kf.kio.core.connection: Socket not connected QLocalSocket::PeerClosedError
kf.kio.core: An error occurred during write. The worker terminates now.
kf.kio.core.connection: Socket not connected QLocalSocket::PeerClosedError
kf.kio.core: An error occurred during write. The worker terminates now.
kf.kio.core.connection: Socket not connected QLocalSocket::PeerClosedError
kf.kio.core: An error occurred during write. The worker terminates now.
kf.kio.core.connection: Socket not connected QLocalSocket::PeerClosedError
kf.kio.core: An error occurred during write. The worker terminates now.
kf.kio.core.connection: Socket not connected QLocalSocket::PeerClosedError
kf.kio.core: An error occurred during write. The worker terminates now.
kf.kio.core.connection: Socket not connected QLocalSocket::PeerClosedError
kf.kio.core: An error occurred during write. The worker terminates now.
kf.notifications: No event config could be found for event id "BellInvisible" under notifyrc file for app "dolphin"
kf.kio.core.connection: Socket not connected QLocalSocket::PeerClosedError
kf.kio.core: An error occurred during write. The worker terminates now.
kf.kio.workers.file: copy() QUrl("file:///home/twaik/.termux-build/python-onnxruntime/src/cmake/CMakeLists.txt") to QUrl("file:///home/twaik/.termux-build/python-onnxruntime/src/cmake/CMakeLists.txt") mode= 436
kf.kio.workers.file: copy() QUrl("file:///home/twaik/.termux-build/python-onnxruntime/src/cmake/CMakeLists.txt") to QUrl("file:///home/twaik/.termux-build/python-onnxruntime/src/cmake/CMakeLists.txt.") mode= 436
kf.notifications: No event config could be found for event id "BellInvisible" under notifyrc file for app "dolphin"
kf.notifications: No event config could be found for event id "BellVisible" under notifyrc file for app "dolphin"
kf.notifications: No event config could be found for event id "BellVisible" under notifyrc file for app "dolphin"
kf.notifications: No event config could be found for event id "BellVisible" under notifyrc file for app "dolphin"
kf.notifications: No event config could be found for event id "BellVisible" under notifyrc file for app "dolphin"
kf.notifications: No event config could be found for event id "BellInvisible" under notifyrc file for app "dolphin"
kf.kio.core.connection: Socket not connected QLocalSocket::PeerClosedError
kf.kio.core: An error occurred during write. The worker terminates now.
kf.notifications: No event config could be found for event id "BellInvisible" under notifyrc file for app "dolphin"
kf.kio.core.connection: Socket not connected QLocalSocket::PeerClosedError
kf.kio.core: An error occurred during write. The worker terminates now.
kf.notifications: No event config could be found for event id "BellInvisible" under notifyrc file for app "dolphin"
kf.kio.core.connection: Socket not connected QLocalSocket::PeerClosedError
kf.kio.core: An error occurred during write. The worker terminates now.
kf.kio.core.connection: Socket not connected QLocalSocket::PeerClosedError
kf.kio.core: An error occurred during write. The worker terminates now.
kf.notifications: No event config could be found for event id "BellInvisible" under notifyrc file for app "dolphin"
kf.notifications: No event config could be found for event id "BellInvisible" under notifyrc file for app "dolphin"
kf.notifications: No event config could be found for event id "BellInvisible" under notifyrc file for app "dolphin"
kf.notifications: No event config could be found for event id "BellVisible" under notifyrc file for app "dolphin"
kf.notifications: No event config could be found for event id "BellVisible" under notifyrc file for app "dolphin"
kf.notifications: No event config could be found for event id "BellInvisible" under notifyrc file for app "dolphin"
kf.notifications: No event config could be found for event id "BellInvisible" under notifyrc file for app "dolphin"
kf.kio.core.connection: Socket not connected QLocalSocket::PeerClosedError
kf.kio.core: An error occurred during write. The worker terminates now.
kf.notifications: No event config could be found for event id "BellInvisible" under notifyrc file for app "dolphin"
kf.notifications: No event config could be found for event id "BellInvisible" under notifyrc file for app "dolphin"
kf.notifications: No event config could be found for event id "BellInvisible" under notifyrc file for app "dolphin"
kf.kio.core.connection: Socket not connected QLocalSocket::PeerClosedError
kf.kio.core: Connection::send() called with connection not inited
kf.notifications: No event config could be found for event id "BellInvisible" under notifyrc file for app "dolphin"
kf.notifications: No event config could be found for event id "BellInvisible" under notifyrc file for app "dolphin"
kf.kio.workers.file: copy() QUrl("file:///home/twaik/.termux-build/python-onnxruntime/src/cmake/CMakeLists.txt") to QUrl("file:///home/twaik/.termux-build/python-onnxruntime/src/cmake/CMakeLists.txt") mode= 436
kf.kio.workers.file: copy() QUrl("file:///home/twaik/.termux-build/python-onnxruntime/src/cmake/CMakeLists.txt") to QUrl("file:///home/twaik/.termux-build/python-onnxruntime/src/cmake/CMakeLists.txt.") mode= 436
kf.notifications: No event config could be found for event id "BellVisible" under notifyrc file for app "dolphin"
kf.notifications: No event config could be found for event id "BellInvisible" under notifyrc file for app "dolphin"
kf.notifications: No event config could be found for event id "BellInvisible" under notifyrc file for app "dolphin"
kf.kio.core.connection: Socket not connected QLocalSocket::PeerClosedError
kf.kio.core: An error occurred during write. The worker terminates now.
kf.kio.core.connection: Socket not connected QLocalSocket::PeerClosedError
kf.kio.core: An error occurred during write. The worker terminates now.
kf.notifications: No event config could be found for event id "BellInvisible" under notifyrc file for app "dolphin"
kf.notifications: No event config could be found for event id "BellInvisible" under notifyrc file for app "dolphin"
kf.notifications: No event config could be found for event id "BellInvisible" under notifyrc file for app "dolphin"
kf.notifications: No event config could be found for event id "BellInvisible" under notifyrc file for app "dolphin"
kf.notifications: No event config could be found for event id "BellInvisible" under notifyrc file for app "dolphin"
kf.notifications: No event config could be found for event id "BellInvisible" under notifyrc file for app "dolphin"
kf.notifications: No event config could be found for event id "BellInvisible" under notifyrc file for app "dolphin"
kf.notifications: No event config could be found for event id "BellInvisible" under notifyrc file for app "dolphin"
kf.kio.core.connection: Socket not connected QLocalSocket::PeerClosedError
kf.kio.core: An error occurred during write. The worker terminates now.
kf.notifications: No event config could be found for event id "BellInvisible" under notifyrc file for app "dolphin"
kf.kio.core.connection: Socket not connected QLocalSocket::PeerClosedError
kf.kio.core: An error occurred during write. The worker terminates now.
kf.notifications: No event config could be found for event id "BellInvisible" under notifyrc file for app "dolphin"
kf.notifications: No event config could be found for event id "BellInvisible" under notifyrc file for app "dolphin"
kf.kio.core.connection: Socket not connected QLocalSocket::PeerClosedError
kf.kio.core: An error occurred during write. The worker terminates now.
kf.notifications: No event config could be found for event id "BellInvisible" under notifyrc file for app "dolphin"
kf.kio.core.connection: Socket not connected QLocalSocket::PeerClosedError
kf.kio.core: An error occurred during write. The worker terminates now.
kf.notifications: No event config could be found for event id "BellInvisible" under notifyrc file for app "dolphin"
kf.notifications: No event config could be found for event id "BellInvisible" under notifyrc file for app "dolphin"
kf.notifications: No event config could be found for event id "BellVisible" under notifyrc file for app "dolphin"
